/*C8*/SET SCHEMA PUBLIC
DISCONNECT
/*C9*/SET SCHEMA PUBLIC
DISCONNECT
/*C10*/SET SCHEMA PUBLIC
DISCONNECT
/*C11*/SET SCHEMA PUBLIC
DELETE FROM ROOM WHERE ID=501
DELETE FROM ROOM WHERE ID=502
DELETE FROM ROOM WHERE ID=503
DELETE FROM ROOM WHERE ID=504
DELETE FROM ROOM WHERE ID=505
DELETE FROM ROOM WHERE ID=506
DELETE FROM ROOM WHERE ID=507
DELETE FROM ROOM WHERE ID=508
DELETE FROM ROOM WHERE ID=509
DELETE FROM ROOM WHERE ID=510
DELETE FROM ROOM WHERE ID=511
DELETE FROM ROOM WHERE ID=512
DELETE FROM ROOM WHERE ID=513
DELETE FROM ROOM WHERE ID=514
DELETE FROM ROOM WHERE ID=515
DELETE FROM ROOM WHERE ID=516
DELETE FROM ROOM WHERE ID=517
DELETE FROM ROOM WHERE ID=518
DELETE FROM ROOM WHERE ID=519
DELETE FROM ROOM WHERE ID=520
DELETE FROM ROOM WHERE ID=521
DELETE FROM ROOM WHERE ID=522
DELETE FROM ROOM WHERE ID=523
DELETE FROM ROOM WHERE ID=524
DELETE FROM ROOM WHERE ID=525
DELETE FROM ROOM WHERE ID=526
DELETE FROM ROOM WHERE ID=527
DELETE FROM ROOM WHERE ID=528
COMMIT
DELETE FROM OPENJPA_SEQUENCE_TABLE WHERE ID=0
INSERT INTO OPENJPA_SEQUENCE_TABLE VALUES(0,601)
COMMIT
INSERT INTO ROOM VALUES(551,0,0,'pillar','You are standing on a white floor, uniformly lit. As the walls and roof fade into a fog-like white nothingness, you can''t see them. In front of you there''s a low pedestal with a tablet on it, switched off.\u000a\u000aFrom somewhere above you, you can hear a faint typing noise.',NULL,'avenue','avenue','avenue','The Construct',NULL,'avenue')
INSERT INTO ROOM VALUES(552,0,0,'avenue','This is a bright white corridor, like the rest of the space you''re stranded in. This time you can see walls to the north and south. They''re blindingly white and perfectly solid.',NULL,'avenue','','','The Construct Avenue',NULL,'pillar')
INSERT INTO ROOM VALUES(553,0,0,'darkbuilding','[rooms.construct.darkbuilding.description]',NULL,'avenue','avenue','avenue','The Hollowed Superstructure',NULL,'avenue')
INSERT INTO ROOM VALUES(554,0,0,'exit','[rooms.construct.exit.description]','','','','avenue','The Construct Ladder','hut.floor','')
INSERT INTO ROOM VALUES(555,0,0,'floor','',NULL,NULL,NULL,NULL,'The Torture Chamber',NULL,NULL)
INSERT INTO ROOM VALUES(556,0,0,'corridor','',NULL,NULL,NULL,NULL,'The Dungeon Corridor',NULL,NULL)
INSERT INTO ROOM VALUES(557,0,0,'unassuming','',NULL,NULL,NULL,NULL,'The Unassuming Hut',NULL,NULL)
INSERT INTO ROOM VALUES(558,0,0,'courtyard','',NULL,NULL,NULL,NULL,'The Hut Courtyard',NULL,NULL)
INSERT INTO ROOM VALUES(559,0,0,'pathway','',NULL,NULL,NULL,NULL,'The Forest Pathway',NULL,NULL)
INSERT INTO ROOM VALUES(560,0,0,'grave','',NULL,NULL,NULL,NULL,'The Celtic Grave',NULL,NULL)
INSERT INTO ROOM VALUES(561,0,0,'northdig','',NULL,NULL,NULL,NULL,'Northern Excavation site',NULL,NULL)
INSERT INTO ROOM VALUES(562,0,0,'southdig','',NULL,NULL,NULL,NULL,'Southern Excavation site',NULL,NULL)
INSERT INTO ROOM VALUES(563,0,0,'toolshed','',NULL,NULL,NULL,NULL,'The Tools Shed',NULL,NULL)
INSERT INTO ROOM VALUES(564,0,0,'workers','',NULL,NULL,NULL,NULL,'Workers'' Quarters',NULL,NULL)
INSERT INTO ROOM VALUES(565,0,0,'entrance','',NULL,NULL,NULL,NULL,'Catacombs Entrance',NULL,NULL)
INSERT INTO ROOM VALUES(566,0,0,'knights','',NULL,NULL,NULL,NULL,'Tomb of the Crusader',NULL,NULL)
INSERT INTO ROOM VALUES(567,0,0,'unlit','',NULL,NULL,NULL,NULL,'Unlit corridor',NULL,NULL)
INSERT INTO ROOM VALUES(568,0,0,'lit','',NULL,NULL,NULL,NULL,'Lit corridor',NULL,NULL)
INSERT INTO ROOM VALUES(569,0,0,'unfinished','',NULL,NULL,NULL,NULL,'The Unfinished Crypt',NULL,NULL)
INSERT INTO ROOM VALUES(570,0,0,'mouth','',NULL,NULL,NULL,NULL,'Mouth of the Vortex',NULL,NULL)
INSERT INTO ROOM VALUES(571,0,0,'geosphere','',NULL,NULL,NULL,NULL,'The Geodesic Sphere',NULL,NULL)
INSERT INTO ROOM VALUES(572,0,0,'eusphere','',NULL,NULL,NULL,NULL,'The Eutectic Sphere',NULL,NULL)
INSERT INTO ROOM VALUES(573,0,0,'storm','',NULL,NULL,NULL,NULL,'The Storm of the Century',NULL,NULL)
INSERT INTO ROOM VALUES(574,0,0,'calm','',NULL,NULL,NULL,NULL,'The Calm after the Storm',NULL,NULL)
INSERT INTO ROOM VALUES(575,0,0,'sand','',NULL,NULL,NULL,NULL,'Sunset Shore',NULL,NULL)
INSERT INTO ROOM VALUES(576,0,0,'clock','',NULL,NULL,NULL,NULL,'Clock Tower, Engine Room',NULL,NULL)
INSERT INTO ROOM VALUES(577,0,0,'clockladder','',NULL,NULL,NULL,NULL,'Clock Tower, Ladder',NULL,NULL)
INSERT INTO ROOM VALUES(578,0,0,'clockentrance','',NULL,NULL,NULL,NULL,'Clock Tower, Entryway',NULL,NULL)
COMMIT
/*C12*/SET SCHEMA PUBLIC
DISCONNECT
/*C13*/SET SCHEMA PUBLIC
DISCONNECT
/*C14*/SET SCHEMA PUBLIC
DISCONNECT
